android/app/build/outputs/mapping/release/seeds.txt
com.drishti.MainApplication
com.drishti.FaceAuthPackage
com.drishti.KeystoreModule
com.drishti.UptimeModule
com.drishti.FaceAuthModule
com.drishti.MainActivity
com.drishti.FaceAuthModule: java.lang.String NAME
com.drishti.UptimeModule: com.drishti.UptimeModule$Companion Companion
com.drishti.KeystoreModule: com.drishti.KeystoreModule$Companion Companion
com.drishti.FaceAuthModule: com.drishti.FaceAuthModule$Companion Companion
com.drishti.KeystoreModule: java.lang.String NAME
com.drishti.UptimeModule: java.lang.String NAME
com.drishti.KeystoreModule: byte[] unwrapDEK(java.lang.String,byte[])
com.drishti.KeystoreModule: boolean isStrongBoxAvailable()
com.drishti.MainActivity: MainActivity()
com.drishti.KeystoreModule: byte[] signECDSA(java.lang.String,byte[])
com.drishti.KeystoreModule: java.lang.String getName()
com.drishti.KeystoreModule: java.security.Key getKeyFromKeystore(java.lang.String)
com.drishti.FaceAuthModule: void onCatalystInstanceDestroy()
com.drishti.MainApplication: MainApplication()
com.drishti.FaceAuthModule: void initialize()
com.drishti.UptimeModule: double getUptimeMs()
com.drishti.UptimeModule: java.lang.String getName()
com.drishti.FaceAuthPackage: FaceAuthPackage()
com.drishti.FaceAuthModule: boolean install()
com.drishti.FaceAuthModule: void nativeCleanup()
com.drishti.KeystoreModule: KeystoreModule(com.facebook.react.bridge.ReactApplicationContext)
com.drishti.FaceAuthModule: void nativeInstall(long,java.lang.Object)
com.drishti.KeystoreModule: void deleteKey(java.lang.String)
com.drishti.FaceAuthPackage: java.util.List createViewManagers(com.facebook.react.bridge.ReactApplicationContext)
com.drishti.UptimeModule: UptimeModule(com.facebook.react.bridge.ReactApplicationContext)
com.drishti.FaceAuthModule: java.lang.String getName()
com.drishti.FaceAuthModule: FaceAuthModule(com.facebook.react.bridge.ReactApplicationContext)
com.drishti.FaceAuthPackage: java.util.List createNativeModules(com.facebook.react.bridge.ReactApplicationContext)
com.drishti.KeystoreModule: byte[] wrapDEK(java.lang.String,byte[])
com.drishti.KeystoreModule: byte[] generateDeviceDEK(java.lang.String)
...
com.facebook.react.fabric.mounting.mountitems.DispatchStringCommandMountItem: void execute(com.facebook.react.fabric.mounting.MountingManager)
com.mrousavy.camera.core.CameraDisconnectedError: CameraDisconnectedError(java.lang.String,com.mrousavy.camera.types.CameraDeviceError)
com.mrousavy.camera.CameraView_RecordVideoKt$startRecording$onError$1: void invoke(com.mrousavy.camera.core.CameraError)
com.facebook.react.modules.devtoolssettings.DevToolsSettingsManagerModule: java.lang.String getConsolePatchSettings()
androidx.core.view.MenuItemCompat$Api26Impl: android.view.MenuItem setAlphabeticShortcut(android.view.MenuItem,char,int)
com.facebook.react.views.switchview.ReactSwitchManager: void setDisabled(android.view.View,boolean)
com.facebook.react.uimanager.JSPointerDispatcher: void onDown(int,com.facebook.react.uimanager.events.PointerEvent$PointerEventState,android.view.MotionEvent,com.facebook.react.uimanager.events.EventDispatcher)
com.facebook.react.defaults.DefaultReactActivityDelegate: DefaultReactActivityDelegate(com.facebook.react.ReactActivity,java.lang.String,boolean,int,kotlin.jvm.internal.DefaultConstructorMarker)
com.mrousavy.camera.types.CameraDeviceFormat$Companion: com.mrousavy.camera.types.CameraDeviceFormat fromJSValue(com.facebook.react.bridge.ReadableMap)
com.facebook.react.bridge.CatalystInstance: void addBridgeIdleDebugListener(com.facebook.react.bridge.NotThreadSafeBridgeIdleDebugListener)
androidx.appcompat.widget.AppCompatEditText: void setEmojiCompatEnabled(boolean)
com.facebook.react.views.scroll.ReactScrollViewManager: void setDisableIntervalMomentum(com.facebook.react.views.scroll.ReactScrollView,boolean)
com.facebook.react.common.mapbuffer.WritableMapBuffer: com.facebook.react.common.mapbuffer.WritableMapBuffer putInternal(int,java.lang.Object)
com.facebook.react.modules.debug.FpsDebugFrameCallback: int getNumFrames()
com.facebook.react.bridge.interop.InteropModuleRegistry: void registerInteropModule(java.lang.Class,java.lang.Object)
com.facebook.react.bridge.queue.MessageQueueThreadImpl: com.facebook.react.bridge.queue.MessageQueueThreadPerfStats getPerfStats()
com.facebook.react.uimanager.UIViewOperationQueue: void pauseFrameCallback()
com.facebook.react.views.scroll.ReactScrollView: void setSendMomentumEvents(boolean)
com.facebook.react.runtime.internal.bolts.CancellationTokenSource$1: CancellationTokenSource$1(com.facebook.react.runtime.internal.bolts.CancellationTokenSource)
com.facebook.react.uimanager.util.ReactFindViewUtil: android.view.View findView(android.view.View,java.lang.String)
com.facebook.react.runtime.internal.bolts.Task$1: void run()
com.facebook.react.uimanager.UIImplementation: void measureInWindow(int,com.facebook.react.bridge.Callback)
com.facebook.react.internal.turbomodule.core.interfaces.TurboModuleRegistry: java.util.Collection getModules()
com.facebook.react.LazyReactPackage: java.util.List getViewManagers(com.facebook.react.bridge.ReactApplicationContext)
com.facebook.react.devsupport.ReactInstanceDevHelper: com.facebook.react.bridge.JavaScriptExecutorFactory getJavaScriptExecutorFactory()
com.facebook.react.fabric.GuardedFrameCallback: void doFrameGuarded(long)
com.facebook.react.bridge.BackgroundExecutor$NamedThreadFactory: java.lang.Thread newThread(java.lang.Runnable)
com.mrousavy.camera.core.CameraDeviceDetails: android.hardware.camera2.CameraCharacteristics getCharacteristics()
com.facebook.react.uimanager.ViewManagersPropertyCache$BooleanPropSetter: java.lang.Object getValueOrDefault(java.lang.Object,android.content.Context)
com.facebook.react.uimanager.ViewManager: ViewManager()
com.facebook.react.uimanager.BaseViewManagerInterface: void setRotation(android.view.View,float)
com.facebook.react.uimanager.ReactShadowNodeImpl: void setFlexBasis(float)
com.facebook.drawee.drawable.RoundedCornersDrawable$Type: com.facebook.drawee.drawable.RoundedCornersDrawable$Type valueOf(java.lang.String)