android/app/build/outputs/mapping/release/usage.txt
com.drishti.BuildConfig
com.drishti.R$integer
com.drishti.R$style
com.drishti.R
com.drishti.FaceAuthModule$Companion:
    public static void nativeCleanup()
    public static void nativeInstall()
com.drishti.MainApplication$reactNativeHost$1:
    public final boolean isNewArchEnabled
...
com.facebook.react.bridge.JavaMethodWrapper$ArgumentExtractor-IA
com.facebook.react.bridge.ReactBridge:
    static void <clinit>()
com.facebook.react.bridge.queue.ReactQueueConfigurationSpec-IA
com.facebook.react.common.MapBuilder$Builder-IA
com.facebook.react.common.assets.ReactFontManager$AssetFontFamily-IA
com.facebook.react.config.ReactFeatureFlags:
    static void <clinit>()
com.facebook.react.defaults.DefaultReactHost$$InternalSyntheticLambda$1$974e6f40cef0af72b8e867fe070c3a15a21eb09560fa51e0f6053af9ce478505$0
com.facebook.react.defaults.DefaultReactNativeHost$$InternalSyntheticLambda$1$05c7a5c5118f25e9dd8c1b0729e68cb11b3df9ba66f627d4df4560081540c992$0
com.facebook.react.devsupport.CxxInspectorPackagerConnection$DelegateImpl-IA
com.facebook.react.devsupport.DefaultDevLoadingViewImplementation:
    static void <clinit>()
com.facebook.react.devsupport.DevSupportManagerBase$$InternalSyntheticLambda$1$35b9945f49fbaa2d9e6c0dcd189bb3ed9fc849fc36fb1ac6024d53773f2ace09$0
com.facebook.react.devsupport.DevSupportManagerBase$$InternalSyntheticLambda$1$5ace4b5f61a07d89532cf13945032584f4947b4b97ce3b397f03c666c86ec315$0
com.facebook.react.devsupport.DevSupportManagerBase$$InternalSyntheticLambda$1$75f60e3110eafb12fdced8fb23ba1767b00219f1e214000566538810af7b9c0b$0
com.facebook.react.devsupport.DevSupportManagerBase$$InternalSyntheticLambda$1$83876b64b15e95a7295cc459ab11eea77a338ef6a98945b0fe160e58d7419fcc$1
com.facebook.react.devsupport.DevSupportManagerBase$$InternalSyntheticLambda$1$919c350381db311111a48f89cd0c0c7e8a6eb7de295bdcf135ac5faf8c955261$1
com.facebook.react.devsupport.DevSupportManagerBase$$InternalSyntheticLambda$1$919c350381db311111a48f89cd0c0c7e8a6eb7de295bdcf135ac5faf8c955261$2
com.facebook.react.devsupport.DevSupportManagerBase$$InternalSyntheticLambda$1$919c350381db311111a48f89cd0c0c7e8a6eb7de295bdcf135ac5faf8c955261$3
com.facebook.react.devsupport.DevSupportManagerBase$$InternalSyntheticLambda$1$919c350381db311111a48f89cd0c0c7e8a6eb7de295bdcf135ac5faf8c955261$4
com.facebook.react.devsupport.DevSupportManagerBase$$InternalSyntheticLambda$1$9a40266e6c3624c15d08ef4898027ac7b50b9101287e171738354e12996da6a6$0
com.facebook.react.devsupport.DevSupportManagerBase$$InternalSyntheticLambda$1$aadab62a6c69149a78e957a048c7ce107d471d1e9fd22fd3e550b195b9c5dc02$0
com.facebook.react.devsupport.DevSupportManagerBase$$InternalSyntheticLambda$1$d8a67a653afb80208f373869c6d8e7951feb18618441b7c9a1abf6826de80549$0
com.facebook.react.devsupport.DevSupportManagerBase$$InternalSyntheticLambda$1$d96307fc9ca7090b1766535d3f54d5254ae30753340ba1fd35eaeb4eec726fdd$0
com.facebook.react.devsupport.DevSupportManagerBase$$InternalSyntheticLambda$1$ea85d9a92f4f0d0f7367aa45078b0f630229182f8dbd18e8261ae93dd85de329$0
com.facebook.react.devsupport.DevSupportManagerBase$$InternalSyntheticLambda$1$f0967c36ba63d1e3959a26c95b77b96bb22685aa4edd9d40fddc44bebfdb0c9b$0
com.facebook.react.devsupport.DevSupportManagerBase$9$$InternalSyntheticLambda$1$d6ad13a25418cf3cc9512ba8692b3bd08c99ec615b385c435bcf391e7c78d3e1$0
com.facebook.react.devsupport.DevSupportSoLoader:
    static void <clinit>()
com.facebook.react.devsupport.FpsView$FPSMonitorRunnable-IA
com.facebook.react.devsupport.RedBoxContentView$OpenStackFrameTask-IA
com.facebook.react.devsupport.RedBoxContentView$StackAdapter$FrameViewHolder-IA
com.facebook.react.devsupport.StackTraceHelper$StackFrameImpl-IA
com.facebook.react.devsupport.WebsocketJavaScriptExecutor$JSExecutorCallbackFuture-IA
com.facebook.react.fabric.DevToolsReactPerfLogger$FabricCommitPoint-IA
com.facebook.react.fabric.FabricSoLoader:
    static void <clinit>()
com.facebook.react.fabric.FabricUIManager$DispatchUIFrameCallback-IA
com.facebook.react.fabric.FabricUIManager$MountItemDispatchListener-IA
com.facebook.react.fabric.mounting.MountingManager:
    static void <clinit>()
com.facebook.react.fabric.mounting.SurfaceMountingManager$$InternalSyntheticLambda$1$a98cf19f4773c24aef8cad8ee76c5f3e0f59331cdae966177ab6af175e60ec2a$0